<?xml version="1.0" encoding="UTF-8"?>
<!-- Generated by org.testng.reporters.JUnitReportReporter -->
<testsuite skipped="0" hostname="LAPTOP-SGQGTNE1" name="Launch.launchBrowser" tests="1" failures="0" timestamp="20 Jan 2020 23:28:45 GMT" time="11.467" errors="0">
  <testcase name="chromeBrowser" time="11.467" classname="Launch.launchBrowser"/>
</testsuite> <!-- Launch.launchBrowser -->
